<?xml version="1.0" encoding="UTF-8"?>
<testsuite xmlns:xsi="http://www.w3.org/2001/XMLSchema-instance" xsi:noNamespaceSchemaLocation="https://maven.apache.org/surefire/maven-surefire-plugin/xsd/surefire-test-report.xsd" version="3.0" name="Parameterized Tests" time="0.009" tests="1" errors="0" skipped="1" failures="0">
  <properties/>
  <testcase name="testTriangle(String, int, int, int, boolean, boolean, boolean)" classname="uni.sw.unit.testing.TriangleParameterizedTest" time="0.0">
    <skipped message="class uni.sw.unit.testing.TriangleParameterizedTest is @Disabled"/>
  </testcase>
</testsuite>